<?xml version="1.0" encoding="UTF-8"?>
<testng-results skipped="0" failed="0" total="2" passed="2">
  <reporter-output>
  </reporter-output>
  <suite name="Default suite" duration-ms="26926" started-at="2016-06-28T13:07:16Z" finished-at="2016-06-28T13:07:43Z">
    <groups>
    </groups>
    <test name="Default test" duration-ms="26926" started-at="2016-06-28T13:07:16Z" finished-at="2016-06-28T13:07:43Z">
      <class name="Topic20_TestNg_FailedTestcases_Execution.Example1_TestNg">
        <test-method status="PASS" signature="Setup()[pri:0, instance:Topic20_TestNg_FailedTestcases_Execution.Example1_TestNg@aaca8a]" name="Setup" is-config="true" duration-ms="14177" started-at="2016-06-28T18:37:16Z" finished-at="2016-06-28T18:37:30Z">
          <reporter-output>
          </reporter-output>
        </test-method> <!-- Setup -->
        <test-method status="PASS" signature="verifyLoginPageText()[pri:0, instance:Topic20_TestNg_FailedTestcases_Execution.Example1_TestNg@aaca8a]" name="verifyLoginPageText" duration-ms="8521" started-at="2016-06-28T18:37:30Z" finished-at="2016-06-28T18:37:38Z">
          <reporter-output>
          </reporter-output>
        </test-method> <!-- verifyLoginPageText -->
        <test-method status="PASS" signature="VerifyForgotPassword()[pri:0, instance:Topic20_TestNg_FailedTestcases_Execution.Example1_TestNg@aaca8a]" name="VerifyForgotPassword" duration-ms="4212" started-at="2016-06-28T18:37:38Z" finished-at="2016-06-28T18:37:43Z">
          <reporter-output>
          </reporter-output>
        </test-method> <!-- VerifyForgotPassword -->
      </class> <!-- Topic20_TestNg_FailedTestcases_Execution.Example1_TestNg -->
    </test> <!-- Default test -->
  </suite> <!-- Default suite -->
</testng-results>
