<?xml version="1.0" encoding="UTF-8"?>
<!-- Generated by org.testng.reporters.JUnitXMLReporter -->
<testsuite hostname="suresh-pc" name="Default test" tests="2" failures="0" timestamp="28 Jun 2016 13:07:43 GMT" time="26.926" errors="0">
  <testcase name="verifyLoginPageText" time="8.521" classname="Topic20_TestNg_FailedTestcases_Execution.Example1_TestNg"/>
  <testcase name="VerifyForgotPassword" time="4.212" classname="Topic20_TestNg_FailedTestcases_Execution.Example1_TestNg"/>
</testsuite> <!-- Default test -->
