<?xml version="1.0" encoding="UTF-8"?>
<!-- Generated by org.testng.reporters.JUnitXMLReporter -->
<testsuite hostname="suresh-pc" name="Testng loggin using listeners concepts" tests="3" failures="1" timestamp="1 Jul 2016 05:38:47 GMT" time="0.062" errors="0">
  <testcase name="AddNumbers" time="0.016" classname="TestNg12_Listeners.Example1_Testclass"/>
  <testcase name="Didvidedbyzero" time="0.0" classname="TestNg12_Listeners.Example1_Testclass">
    <failure type="java.lang.ArithmeticException" message="/ by zero">
      <![CDATA[java.lang.ArithmeticException: / by zero
	at TestNg12_Listeners.Example1_Testclass.Didvidedbyzero(Example1_Testclass.java:15)
... Removed 24 stack frames]]>
    </failure>
  </testcase> <!-- Didvidedbyzero -->
  <testcase name="Methodtoskip" time="0.0" classname="TestNg12_Listeners.Example1_Testclass">
    <skipped/>
  </testcase> <!-- Methodtoskip -->
</testsuite> <!-- Testng loggin using listeners concepts -->
