<?xml version="1.0" encoding="UTF-8"?>
<!-- Generated by org.testng.reporters.JUnitXMLReporter -->
<testsuite hostname="USER" name="listeners test" tests="3" failures="0" timestamp="30 Jun 2016 18:31:27 GMT" time="0.07" errors="0">
  <testcase name="Testcase" time="0.015" classname="Topic11_Listeners.Example1"/>
  <testcase name="dividedbyzero" time="0.002" classname="Topic11_Listeners.Example1"/>
  <testcase name="methodtoskip" time="0.001" classname="Topic11_Listeners.Example1"/>
</testsuite> <!-- listeners test -->
