<?xml version="1.0" encoding="UTF-8"?>
<!-- Generated by org.testng.reporters.JUnitXMLReporter -->
<testsuite hostname="suresh-pc" name="Multiple classes" tests="4" failures="0" timestamp="29 Jun 2016 10:21:23 GMT" time="0.016" errors="0">
  <testcase name="firsttestcase" time="0.016" classname="Topic5_Testng_MultipleClasses_Execute.Example1_DemoOne"/>
  <testcase name="secondtestcase" time="0.0" classname="Topic5_Testng_MultipleClasses_Execute.Example1_DemoOne"/>
  <testcase name="Firsttestcase" time="0.0" classname="Topic5_Testng_MultipleClasses_Execute.Example2_DemoTwo"/>
  <testcase name="Secondtestcase" time="0.0" classname="Topic5_Testng_MultipleClasses_Execute.Example2_DemoTwo"/>
</testsuite> <!-- Multiple classes -->
