<?xml version="1.0" encoding="UTF-8"?>
<!-- Generated by org.testng.reporters.JUnitXMLReporter -->
<testsuite hostname="suresh-pc" name="package execution" tests="4" failures="0" timestamp="29 Jun 2016 10:12:55 GMT" time="0.031" errors="0">
  <testcase name="firsttestcase" time="0.015" classname="Topic4_Testng_package_Execution.Example1_Demo1"/>
  <testcase name="secondtestcase" time="0.0" classname="Topic4_Testng_package_Execution.Example1_Demo1"/>
  <testcase name="Firsttestcase" time="0.0" classname="Topic4_Testng_package_Execution.Example2_Demo2"/>
  <testcase name="Secondtestcase" time="0.0" classname="Topic4_Testng_package_Execution.Example2_Demo2"/>
</testsuite> <!-- package execution -->
